mode: set
project/controller/activityLogController.go:18.56,19.36 1 1
project/controller/activityLogController.go:19.36,25.26 3 1
project/controller/activityLogController.go:25.26,30.4 1 1
project/controller/activityLogController.go:33.3,33.31 1 1
project/controller/activityLogController.go:33.31,38.4 1 1
project/controller/activityLogController.go:40.3,44.5 1 1
project/controller/activityLogController.go:48.53,54.16 4 0
project/controller/activityLogController.go:54.16,59.3 1 0
project/controller/activityLogController.go:61.2,61.24 1 0
project/controller/activityLogController.go:61.24,66.3 1 0
project/controller/activityLogController.go:68.2,72.4 1 0
project/controller/activityLogController.go:75.62,81.16 4 0
project/controller/activityLogController.go:81.16,86.3 1 0
project/controller/activityLogController.go:88.2,88.24 1 0
project/controller/activityLogController.go:88.24,93.3 1 0
project/controller/activityLogController.go:95.2,99.4 1 0
project/controller/activityLogController.go:102.56,109.16 4 0
project/controller/activityLogController.go:109.16,114.3 1 0
project/controller/activityLogController.go:116.2,116.24 1 0
project/controller/activityLogController.go:116.24,121.3 1 0
project/controller/activityLogController.go:123.2,127.4 1 0
project/controller/activityLogController.go:130.56,138.16 5 0
project/controller/activityLogController.go:138.16,143.3 1 0
project/controller/activityLogController.go:145.2,148.4 1 0
project/controller/activityLogController.go:151.56,156.16 3 0
project/controller/activityLogController.go:156.16,161.3 1 0
project/controller/activityLogController.go:163.2,166.4 1 0
project/controller/activityLogController.go:169.58,176.16 5 0
project/controller/activityLogController.go:176.16,181.3 1 0
project/controller/activityLogController.go:183.2,183.24 1 0
project/controller/activityLogController.go:183.24,188.3 1 0
project/controller/activityLogController.go:190.2,194.4 1 0
project/controller/activityLogController.go:197.64,204.16 5 0
project/controller/activityLogController.go:204.16,209.3 1 0
project/controller/activityLogController.go:211.2,211.24 1 0
project/controller/activityLogController.go:211.24,216.3 1 0
project/controller/activityLogController.go:218.2,222.4 1 0
project/controller/activityLogController.go:225.60,231.16 4 0
project/controller/activityLogController.go:231.16,236.3 1 0
project/controller/activityLogController.go:238.2,238.24 1 0
project/controller/activityLogController.go:238.24,243.3 1 0
project/controller/activityLogController.go:245.2,249.4 1 0
project/controller/authenticationController.go:14.58,22.16 6 0
project/controller/authenticationController.go:22.16,27.3 1 0
project/controller/authenticationController.go:29.2,31.16 2 0
project/controller/authenticationController.go:31.16,36.3 1 0
project/controller/authenticationController.go:38.2,46.16 6 0
project/controller/authenticationController.go:46.16,48.3 1 0
project/controller/authenticationController.go:50.2,53.4 1 0
project/controller/authenticationController.go:56.53,62.22 5 0
project/controller/authenticationController.go:62.22,67.3 1 0
project/controller/authenticationController.go:69.2,80.34 9 0
project/controller/authenticationController.go:80.34,85.3 1 0
project/controller/authenticationController.go:87.2,89.28 2 0
project/controller/authenticationController.go:89.28,94.3 1 0
project/controller/authenticationController.go:96.2,104.31 4 0
project/controller/authenticationController.go:104.31,106.3 1 0
project/controller/authenticationController.go:108.2,110.16 2 0
project/controller/authenticationController.go:110.16,115.3 1 0
project/controller/authenticationController.go:117.2,121.4 1 0
project/controller/authenticationController.go:124.53,132.26 6 0
project/controller/authenticationController.go:132.26,137.3 1 0
project/controller/authenticationController.go:139.2,143.38 4 0
project/controller/authenticationController.go:143.38,148.3 1 0
project/controller/authenticationController.go:150.2,150.43 1 0
project/controller/authenticationController.go:150.43,155.3 1 0
project/controller/authenticationController.go:157.2,157.22 1 0
project/controller/authenticationController.go:157.22,162.3 1 0
project/controller/authenticationController.go:164.2,166.50 2 0
project/controller/authenticationController.go:166.50,171.3 1 0
project/controller/authenticationController.go:173.2,176.33 3 0
project/controller/authenticationController.go:176.33,181.3 1 0
project/controller/authenticationController.go:183.2,185.28 2 0
project/controller/authenticationController.go:185.28,190.3 1 0
project/controller/authenticationController.go:192.2,201.4 5 0
project/controller/levelController.go:13.48,16.16 2 0
project/controller/levelController.go:16.16,21.3 1 0
project/controller/levelController.go:23.2,23.24 1 0
project/controller/levelController.go:23.24,28.3 1 0
project/controller/levelController.go:30.2,34.4 1 0
project/controller/levelController.go:37.47,42.16 4 0
project/controller/levelController.go:42.16,47.3 1 0
project/controller/levelController.go:49.2,49.24 1 0
project/controller/levelController.go:49.24,54.3 1 0
project/controller/levelController.go:56.2,60.4 1 0
project/controller/levelController.go:63.50,70.25 4 0
project/controller/levelController.go:70.25,75.3 1 0
project/controller/levelController.go:77.2,79.16 2 0
project/controller/levelController.go:79.16,84.3 1 0
project/controller/levelController.go:86.2,90.4 1 0
project/controller/levelController.go:93.50,102.25 6 0
project/controller/levelController.go:102.25,107.3 1 0
project/controller/levelController.go:109.2,111.22 2 0
project/controller/levelController.go:111.22,116.3 1 0
project/controller/levelController.go:118.2,120.16 2 0
project/controller/levelController.go:120.16,125.3 1 0
project/controller/levelController.go:127.2,132.4 1 0
project/controller/levelController.go:135.50,141.22 4 0
project/controller/levelController.go:141.22,146.3 1 0
project/controller/levelController.go:148.2,150.16 2 0
project/controller/levelController.go:150.16,155.3 1 0
project/controller/levelController.go:157.2,161.4 1 0
project/controller/levelController.go:164.54,170.16 4 0
project/controller/levelController.go:170.16,175.3 1 0
project/controller/levelController.go:177.2,177.24 1 0
project/controller/levelController.go:177.24,182.3 1 0
project/controller/levelController.go:184.2,188.4 1 0
project/controller/levelController.go:191.58,198.16 5 0
project/controller/levelController.go:198.16,204.3 1 0
project/controller/levelController.go:206.2,206.24 1 0
project/controller/levelController.go:206.24,212.3 1 0
project/controller/levelController.go:214.2,218.4 1 0
project/controller/levelController.go:221.52,228.16 5 0
project/controller/levelController.go:228.16,233.3 1 0
project/controller/levelController.go:235.2,235.24 1 0
project/controller/levelController.go:235.24,240.3 1 0
project/controller/levelController.go:242.2,246.4 1 0
project/controller/notificationController.go:11.55,16.16 3 0
project/controller/notificationController.go:16.16,21.3 1 0
project/controller/notificationController.go:23.2,23.24 1 0
project/controller/notificationController.go:23.24,28.3 1 0
project/controller/notificationController.go:30.2,34.4 1 0
project/controller/notificationController.go:37.54,43.16 4 0
project/controller/notificationController.go:43.16,48.3 1 0
project/controller/notificationController.go:50.2,50.24 1 0
project/controller/notificationController.go:50.24,55.3 1 0
project/controller/notificationController.go:57.2,61.4 1 0
project/controller/notificationController.go:64.63,70.16 4 0
project/controller/notificationController.go:70.16,75.3 1 0
project/controller/notificationController.go:77.2,77.24 1 0
project/controller/notificationController.go:77.24,82.3 1 0
project/controller/notificationController.go:84.2,88.4 1 0
project/controller/notificationController.go:91.57,98.16 4 0
project/controller/notificationController.go:98.16,103.3 1 0
project/controller/notificationController.go:105.2,105.24 1 0
project/controller/notificationController.go:105.24,110.3 1 0
project/controller/notificationController.go:112.2,116.4 1 0
project/controller/notificationController.go:119.57,127.16 5 0
project/controller/notificationController.go:127.16,132.3 1 0
project/controller/notificationController.go:134.2,137.4 1 0
project/controller/notificationController.go:140.57,145.16 3 0
project/controller/notificationController.go:145.16,150.3 1 0
project/controller/notificationController.go:152.2,155.4 1 0
project/controller/notificationController.go:158.59,165.16 5 0
project/controller/notificationController.go:165.16,170.3 1 0
project/controller/notificationController.go:172.2,172.24 1 0
project/controller/notificationController.go:172.24,177.3 1 0
project/controller/notificationController.go:179.2,183.4 1 0
project/controller/notificationController.go:186.65,193.16 5 0
project/controller/notificationController.go:193.16,198.3 1 0
project/controller/notificationController.go:200.2,200.24 1 0
project/controller/notificationController.go:200.24,205.3 1 0
project/controller/notificationController.go:207.2,211.4 1 0
project/controller/notificationController.go:214.61,220.16 4 0
project/controller/notificationController.go:220.16,225.3 1 0
project/controller/notificationController.go:227.2,227.24 1 0
project/controller/notificationController.go:227.24,232.3 1 0
project/controller/notificationController.go:234.2,238.4 1 0
project/controller/packageController.go:12.50,17.16 3 0
project/controller/packageController.go:17.16,23.3 1 0
project/controller/packageController.go:25.2,25.24 1 0
project/controller/packageController.go:25.24,30.3 1 0
project/controller/packageController.go:32.2,36.4 1 0
project/controller/packageController.go:39.49,45.16 4 0
project/controller/packageController.go:45.16,51.3 1 0
project/controller/packageController.go:53.2,53.24 1 0
project/controller/packageController.go:53.24,58.3 1 0
project/controller/packageController.go:60.2,64.4 1 0
project/controller/packageController.go:67.52,74.16 4 0
project/controller/packageController.go:74.16,80.3 1 0
project/controller/packageController.go:82.2,82.24 1 0
project/controller/packageController.go:82.24,87.3 1 0
project/controller/packageController.go:89.2,93.4 1 0
project/controller/packageController.go:96.52,105.16 6 0
project/controller/packageController.go:105.16,111.3 1 0
project/controller/packageController.go:113.2,117.4 1 0
project/controller/packageController.go:120.52,126.16 4 0
project/controller/packageController.go:126.16,132.3 1 0
project/controller/packageController.go:134.2,134.24 1 0
project/controller/packageController.go:134.24,139.3 1 0
project/controller/packageController.go:141.2,145.4 1 0
project/controller/packageController.go:148.56,154.16 4 0
project/controller/packageController.go:154.16,160.3 1 0
project/controller/packageController.go:162.2,162.24 1 0
project/controller/packageController.go:162.24,167.3 1 0
project/controller/packageController.go:169.2,173.4 1 0
project/controller/packageController.go:176.60,183.16 5 0
project/controller/packageController.go:183.16,189.3 1 0
project/controller/packageController.go:191.2,191.24 1 0
project/controller/packageController.go:191.24,196.3 1 0
project/controller/packageController.go:198.2,202.4 1 0
project/controller/packageController.go:205.54,212.16 5 0
project/controller/packageController.go:212.16,218.3 1 0
project/controller/packageController.go:220.2,220.24 1 0
project/controller/packageController.go:220.24,225.3 1 0
project/controller/packageController.go:227.2,231.4 1 0
project/controller/packageHistoryController.go:12.58,17.16 3 0
project/controller/packageHistoryController.go:17.16,23.3 1 0
project/controller/packageHistoryController.go:25.2,25.24 1 0
project/controller/packageHistoryController.go:25.24,30.3 1 0
project/controller/packageHistoryController.go:32.2,36.4 1 0
project/controller/packageHistoryController.go:39.56,45.16 4 0
project/controller/packageHistoryController.go:45.16,51.3 1 0
project/controller/packageHistoryController.go:53.2,53.24 1 0
project/controller/packageHistoryController.go:53.24,58.3 1 0
project/controller/packageHistoryController.go:60.2,64.4 1 0
project/controller/packageHistoryController.go:67.59,74.16 4 0
project/controller/packageHistoryController.go:74.16,80.3 1 0
project/controller/packageHistoryController.go:82.2,82.24 1 0
project/controller/packageHistoryController.go:82.24,87.3 1 0
project/controller/packageHistoryController.go:89.2,93.4 1 0
project/controller/packageHistoryController.go:96.59,105.16 6 0
project/controller/packageHistoryController.go:105.16,111.3 1 0
project/controller/packageHistoryController.go:113.2,117.4 1 0
project/controller/packageHistoryController.go:120.59,126.16 4 0
project/controller/packageHistoryController.go:126.16,132.3 1 0
project/controller/packageHistoryController.go:134.2,134.24 1 0
project/controller/packageHistoryController.go:134.24,139.3 1 0
project/controller/packageHistoryController.go:141.2,145.4 1 0
project/controller/packageHistoryController.go:148.64,154.16 4 0
project/controller/packageHistoryController.go:154.16,160.3 1 0
project/controller/packageHistoryController.go:162.2,162.24 1 0
project/controller/packageHistoryController.go:162.24,167.3 1 0
project/controller/packageHistoryController.go:169.2,173.4 1 0
project/controller/packageHistoryController.go:176.68,183.16 5 0
project/controller/packageHistoryController.go:183.16,189.3 1 0
project/controller/packageHistoryController.go:191.2,191.24 1 0
project/controller/packageHistoryController.go:191.24,196.3 1 0
project/controller/packageHistoryController.go:198.2,202.4 1 0
project/controller/packageHistoryController.go:205.62,212.16 5 0
project/controller/packageHistoryController.go:212.16,218.3 1 0
project/controller/packageHistoryController.go:220.2,220.24 1 0
project/controller/packageHistoryController.go:220.24,225.3 1 0
project/controller/packageHistoryController.go:227.2,231.4 1 0
project/controller/packageHistoryController.go:234.69,240.16 4 0
project/controller/packageHistoryController.go:240.16,246.3 1 0
project/controller/packageHistoryController.go:248.2,248.24 1 0
project/controller/packageHistoryController.go:248.24,253.3 1 0
project/controller/packageHistoryController.go:255.2,259.4 1 0
project/controller/packageHistoryController.go:262.66,268.16 4 0
project/controller/packageHistoryController.go:268.16,274.3 1 0
project/controller/packageHistoryController.go:276.2,276.24 1 0
project/controller/packageHistoryController.go:276.24,281.3 1 0
project/controller/packageHistoryController.go:283.2,287.4 1 0
project/controller/packageHistoryController.go:290.64,296.16 4 0
project/controller/packageHistoryController.go:296.16,302.3 1 0
project/controller/packageHistoryController.go:304.2,304.24 1 0
project/controller/packageHistoryController.go:304.24,309.3 1 0
project/controller/packageHistoryController.go:311.2,315.4 1 0
project/controller/packageHistoryController.go:318.78,325.16 5 0
project/controller/packageHistoryController.go:325.16,331.3 1 0
project/controller/packageHistoryController.go:333.2,333.24 1 0
project/controller/packageHistoryController.go:333.24,338.3 1 0
project/controller/packageHistoryController.go:340.2,344.4 1 0
project/controller/questionCategoryController.go:12.60,17.16 4 0
project/controller/questionCategoryController.go:17.16,22.3 1 0
project/controller/questionCategoryController.go:24.2,28.4 1 0
project/controller/questionCategoryController.go:31.58,38.16 5 0
project/controller/questionCategoryController.go:38.16,39.40 1 0
project/controller/questionCategoryController.go:39.40,44.4 1 0
project/controller/questionCategoryController.go:46.3,49.5 1 0
project/controller/questionCategoryController.go:52.2,56.4 1 0
project/controller/questionCategoryController.go:59.61,66.16 5 0
project/controller/questionCategoryController.go:66.16,71.3 1 0
project/controller/questionCategoryController.go:73.2,77.4 1 0
project/controller/questionCategoryController.go:80.61,93.16 9 0
project/controller/questionCategoryController.go:93.16,98.3 1 0
project/controller/questionCategoryController.go:100.2,100.14 1 0
project/controller/questionCategoryController.go:100.14,105.3 1 0
project/controller/questionCategoryController.go:107.2,112.4 1 0
project/controller/questionCategoryController.go:115.61,123.16 6 0
project/controller/questionCategoryController.go:123.16,128.3 1 0
project/controller/questionCategoryController.go:130.2,130.14 1 0
project/controller/questionCategoryController.go:130.14,135.3 1 0
project/controller/questionCategoryController.go:137.2,140.4 1 0
project/controller/questionCategoryController.go:143.64,149.16 4 0
project/controller/questionCategoryController.go:149.16,154.3 1 0
project/controller/questionCategoryController.go:156.2,156.24 1 0
project/controller/questionCategoryController.go:156.24,161.3 1 0
project/controller/questionCategoryController.go:163.2,167.4 1 0
project/controller/questionCategoryController.go:170.66,176.16 4 0
project/controller/questionCategoryController.go:176.16,181.3 1 0
project/controller/questionCategoryController.go:183.2,183.24 1 0
project/controller/questionCategoryController.go:183.24,188.3 1 0
project/controller/questionCategoryController.go:190.2,194.4 1 0
project/controller/questionCategoryController.go:197.64,204.16 5 0
project/controller/questionCategoryController.go:204.16,209.3 1 0
project/controller/questionCategoryController.go:211.2,211.24 1 0
project/controller/questionCategoryController.go:211.24,216.3 1 0
project/controller/questionCategoryController.go:218.2,222.4 1 0
project/controller/questionCategoryController.go:225.70,232.16 5 0
project/controller/questionCategoryController.go:232.16,237.3 1 0
project/controller/questionCategoryController.go:239.2,239.24 1 0
project/controller/questionCategoryController.go:239.24,244.3 1 0
project/controller/questionCategoryController.go:246.2,250.4 1 0
project/controller/questionController.go:16.53,27.25 9 0
project/controller/questionController.go:27.25,32.3 1 0
project/controller/questionController.go:34.2,37.16 4 0
project/controller/questionController.go:37.16,42.3 1 0
project/controller/questionController.go:43.2,43.37 1 0
project/controller/questionController.go:43.37,48.3 1 0
project/controller/questionController.go:50.2,52.26 2 0
project/controller/questionController.go:52.26,57.3 1 0
project/controller/questionController.go:59.2,62.32 3 0
project/controller/questionController.go:62.32,67.3 1 0
project/controller/questionController.go:69.2,71.16 2 0
project/controller/questionController.go:71.16,76.3 1 0
project/controller/questionController.go:78.2,80.18 2 0
project/controller/questionController.go:80.18,85.3 1 0
project/controller/questionController.go:87.2,87.32 1 0
project/controller/questionController.go:87.32,92.3 1 0
project/controller/questionController.go:94.2,94.87 1 0
project/controller/questionController.go:94.87,99.3 1 0
project/controller/questionController.go:101.2,101.39 1 0
project/controller/questionController.go:101.39,104.10 3 0
project/controller/questionController.go:104.10,109.4 1 0
project/controller/questionController.go:110.3,114.22 5 0
project/controller/questionController.go:116.8,116.41 1 0
project/controller/questionController.go:116.41,119.10 3 0
project/controller/questionController.go:119.10,124.4 1 0
project/controller/questionController.go:125.3,130.124 6 0
project/controller/questionController.go:130.124,133.4 2 0
project/controller/questionController.go:133.9,133.132 1 0
project/controller/questionController.go:133.132,136.4 2 0
project/controller/questionController.go:137.3,138.24 2 0
project/controller/questionController.go:139.8,139.38 1 0
project/controller/questionController.go:139.38,142.10 3 0
project/controller/questionController.go:142.10,147.4 1 0
project/controller/questionController.go:148.3,152.22 5 0
project/controller/questionController.go:153.8,158.3 1 0
project/controller/questionController.go:160.2,166.22 6 0
project/controller/questionController.go:166.22,171.3 1 0
project/controller/questionController.go:173.2,176.28 3 0
project/controller/questionController.go:176.28,181.3 1 0
project/controller/questionController.go:183.2,189.4 1 0
project/controller/questionController.go:192.64,200.22 7 0
project/controller/questionController.go:200.22,205.3 1 0
project/controller/questionController.go:207.2,207.14 1 0
project/controller/questionController.go:207.14,212.3 1 0
project/controller/questionController.go:214.2,218.4 1 0
project/controller/questionController.go:221.51,224.16 2 0
project/controller/questionController.go:224.16,229.3 1 0
project/controller/questionController.go:231.2,231.33 1 0
project/controller/questionController.go:231.33,236.3 1 0
project/controller/questionController.go:238.2,242.4 1 0
project/controller/questionController.go:245.57,249.16 3 0
project/controller/questionController.go:249.16,254.3 1 0
project/controller/questionController.go:256.2,256.37 1 0
project/controller/questionController.go:256.37,261.3 1 0
project/controller/questionController.go:263.2,267.4 1 0
project/controller/questionController.go:270.69,292.162 19 0
project/controller/questionController.go:292.162,297.3 1 0
project/controller/questionController.go:299.2,301.16 2 0
project/controller/questionController.go:301.16,306.3 1 0
project/controller/questionController.go:308.2,312.4 1 0
project/controller/questionController.go:315.64,322.83 6 0
project/controller/questionController.go:322.83,327.3 1 0
project/controller/questionController.go:329.2,331.16 2 0
project/controller/questionController.go:331.16,336.3 1 0
project/controller/questionController.go:338.2,342.4 1 0
project/controller/questionController.go:345.61,352.83 6 0
project/controller/questionController.go:352.83,357.3 1 0
project/controller/questionController.go:359.2,361.16 2 0
project/controller/questionController.go:361.16,366.3 1 0
project/controller/questionController.go:367.2,371.4 1 0
project/controller/questionController.go:374.57,380.16 4 0
project/controller/questionController.go:380.16,385.3 1 0
project/controller/questionController.go:387.2,387.24 1 0
project/controller/questionController.go:387.24,392.3 1 0
project/controller/questionController.go:394.2,398.4 1 0
project/controller/questionController.go:401.55,408.16 5 0
project/controller/questionController.go:408.16,413.3 1 0
project/controller/questionController.go:415.2,415.24 1 0
project/controller/questionController.go:415.24,420.3 1 0
project/controller/questionController.go:422.2,426.4 1 0
project/controller/questionController.go:429.61,436.16 5 0
project/controller/questionController.go:436.16,441.3 1 0
project/controller/questionController.go:443.2,443.24 1 0
project/controller/questionController.go:443.24,448.3 1 0
project/controller/questionController.go:450.2,454.4 1 0
project/controller/quizAnswerController.go:11.53,16.16 3 0
project/controller/quizAnswerController.go:16.16,21.3 1 0
project/controller/quizAnswerController.go:23.2,23.24 1 0
project/controller/quizAnswerController.go:23.24,28.3 1 0
project/controller/quizAnswerController.go:30.2,34.4 1 0
project/controller/quizAnswerController.go:37.52,43.16 4 0
project/controller/quizAnswerController.go:43.16,48.3 1 0
project/controller/quizAnswerController.go:50.2,50.24 1 0
project/controller/quizAnswerController.go:50.24,55.3 1 0
project/controller/quizAnswerController.go:57.2,61.4 1 0
project/controller/quizAnswerController.go:64.68,70.16 4 0
project/controller/quizAnswerController.go:70.16,75.3 1 0
project/controller/quizAnswerController.go:77.2,77.24 1 0
project/controller/quizAnswerController.go:77.24,82.3 1 0
project/controller/quizAnswerController.go:84.2,88.4 1 0
project/controller/quizAnswerController.go:91.65,97.16 4 0
project/controller/quizAnswerController.go:97.16,102.3 1 0
project/controller/quizAnswerController.go:104.2,104.24 1 0
project/controller/quizAnswerController.go:104.24,109.3 1 0
project/controller/quizAnswerController.go:111.2,115.4 1 0
project/controller/quizAnswerController.go:118.55,125.16 4 0
project/controller/quizAnswerController.go:125.16,130.3 1 0
project/controller/quizAnswerController.go:132.2,132.24 1 0
project/controller/quizAnswerController.go:132.24,137.3 1 0
project/controller/quizAnswerController.go:139.2,143.4 1 0
project/controller/quizAnswerController.go:146.55,154.16 5 0
project/controller/quizAnswerController.go:154.16,159.3 1 0
project/controller/quizAnswerController.go:161.2,164.4 1 0
project/controller/quizAnswerController.go:167.55,172.16 3 0
project/controller/quizAnswerController.go:172.16,177.3 1 0
project/controller/quizAnswerController.go:179.2,182.4 1 0
project/controller/quizAnswerController.go:185.57,192.16 5 0
project/controller/quizAnswerController.go:192.16,197.3 1 0
project/controller/quizAnswerController.go:199.2,199.24 1 0
project/controller/quizAnswerController.go:199.24,204.3 1 0
project/controller/quizAnswerController.go:206.2,210.4 1 0
project/controller/quizAnswerController.go:213.63,220.16 5 0
project/controller/quizAnswerController.go:220.16,225.3 1 0
project/controller/quizAnswerController.go:227.2,227.24 1 0
project/controller/quizAnswerController.go:227.24,232.3 1 0
project/controller/quizAnswerController.go:234.2,238.4 1 0
project/controller/quizAnswerController.go:241.59,247.16 4 0
project/controller/quizAnswerController.go:247.16,252.3 1 0
project/controller/quizAnswerController.go:254.2,254.24 1 0
project/controller/quizAnswerController.go:254.24,259.3 1 0
project/controller/quizAnswerController.go:261.2,265.4 1 0
project/controller/quizController.go:13.49,19.16 5 0
project/controller/quizController.go:19.16,24.3 1 0
project/controller/quizController.go:26.2,26.14 1 0
project/controller/quizController.go:26.14,31.3 1 0
project/controller/quizController.go:33.2,37.4 1 0
project/controller/quizController.go:40.49,49.16 6 0
project/controller/quizController.go:49.16,54.3 1 0
project/controller/quizController.go:56.2,60.4 1 0
project/controller/quizController.go:63.46,71.16 6 0
project/controller/quizController.go:71.16,76.3 1 0
project/controller/quizController.go:78.2,78.14 1 0
project/controller/quizController.go:78.14,83.3 1 0
project/controller/quizController.go:85.2,89.4 1 0
project/controller/quizController.go:92.49,100.16 6 0
project/controller/quizController.go:100.16,105.3 1 0
project/controller/quizController.go:107.2,107.14 1 0
project/controller/quizController.go:107.14,112.3 1 0
project/controller/quizController.go:114.2,119.16 4 0
project/controller/quizController.go:119.16,124.3 1 0
project/controller/quizController.go:125.2,129.4 1 0
project/controller/quizController.go:132.49,140.16 6 0
project/controller/quizController.go:140.16,145.3 1 0
project/controller/quizController.go:147.2,147.14 1 0
project/controller/quizController.go:147.14,152.3 1 0
project/controller/quizController.go:154.2,157.16 3 0
project/controller/quizController.go:157.16,162.3 1 0
project/controller/quizController.go:163.2,167.4 1 0
project/controller/quizController.go:170.54,178.16 6 0
project/controller/quizController.go:178.16,183.3 1 0
project/controller/quizController.go:185.2,185.14 1 0
project/controller/quizController.go:185.14,190.3 1 0
project/controller/quizController.go:192.2,196.4 1 0
project/controller/quizController.go:199.62,208.16 7 0
project/controller/quizController.go:208.16,213.3 1 0
project/controller/quizController.go:215.2,215.14 1 0
project/controller/quizController.go:215.14,220.3 1 0
project/controller/quizController.go:222.2,226.4 1 0
project/controller/quizController.go:229.59,236.16 5 0
project/controller/quizController.go:236.16,241.3 1 0
project/controller/quizController.go:243.2,243.24 1 0
project/controller/quizController.go:243.24,248.3 1 0
project/controller/quizController.go:250.2,254.4 1 0
project/controller/quizController.go:257.53,264.16 5 0
project/controller/quizController.go:264.16,269.3 1 0
project/controller/quizController.go:271.2,271.24 1 0
project/controller/quizController.go:271.24,276.3 1 0
project/controller/quizController.go:278.2,282.4 1 0
project/controller/quizController.go:285.55,291.16 4 0
project/controller/quizController.go:291.16,296.3 1 0
project/controller/quizController.go:298.2,298.24 1 0
project/controller/quizController.go:298.24,303.3 1 0
project/controller/quizController.go:305.2,309.4 1 0
project/controller/quizHistoryController.go:12.55,17.16 3 0
project/controller/quizHistoryController.go:17.16,22.3 1 0
project/controller/quizHistoryController.go:24.2,24.24 1 0
project/controller/quizHistoryController.go:24.24,29.3 1 0
project/controller/quizHistoryController.go:31.2,35.4 1 0
project/controller/quizHistoryController.go:38.53,44.16 4 0
project/controller/quizHistoryController.go:44.16,49.3 1 0
project/controller/quizHistoryController.go:51.2,51.24 1 0
project/controller/quizHistoryController.go:51.24,56.3 1 0
project/controller/quizHistoryController.go:58.2,62.4 1 0
project/controller/quizHistoryController.go:65.63,71.16 4 0
project/controller/quizHistoryController.go:71.16,76.3 1 0
project/controller/quizHistoryController.go:78.2,78.24 1 0
project/controller/quizHistoryController.go:78.24,83.3 1 0
project/controller/quizHistoryController.go:85.2,89.4 1 0
project/controller/quizHistoryController.go:92.63,98.16 4 0
project/controller/quizHistoryController.go:98.16,103.3 1 0
project/controller/quizHistoryController.go:105.2,105.24 1 0
project/controller/quizHistoryController.go:105.24,110.3 1 0
project/controller/quizHistoryController.go:112.2,116.4 1 0
project/controller/quizHistoryController.go:119.56,129.16 5 0
project/controller/quizHistoryController.go:129.16,134.3 1 0
project/controller/quizHistoryController.go:136.2,136.24 1 0
project/controller/quizHistoryController.go:136.24,141.3 1 0
project/controller/quizHistoryController.go:143.2,147.4 1 0
project/controller/quizHistoryController.go:150.56,158.16 5 0
project/controller/quizHistoryController.go:158.16,163.3 1 0
project/controller/quizHistoryController.go:165.2,168.4 1 0
project/controller/quizHistoryController.go:171.56,176.16 3 0
project/controller/quizHistoryController.go:176.16,181.3 1 0
project/controller/quizHistoryController.go:183.2,186.4 1 0
project/controller/quizHistoryController.go:189.59,196.16 5 0
project/controller/quizHistoryController.go:196.16,201.3 1 0
project/controller/quizHistoryController.go:203.2,203.24 1 0
project/controller/quizHistoryController.go:203.24,208.3 1 0
project/controller/quizHistoryController.go:210.2,214.4 1 0
project/controller/quizHistoryController.go:217.65,224.16 5 0
project/controller/quizHistoryController.go:224.16,229.3 1 0
project/controller/quizHistoryController.go:231.2,231.24 1 0
project/controller/quizHistoryController.go:231.24,236.3 1 0
project/controller/quizHistoryController.go:238.2,242.4 1 0
project/controller/quizHistoryController.go:245.60,252.16 5 0
project/controller/quizHistoryController.go:252.16,257.3 1 0
project/controller/quizHistoryController.go:259.2,259.24 1 0
project/controller/quizHistoryController.go:259.24,264.3 1 0
project/controller/quizHistoryController.go:266.2,270.4 1 0
project/controller/quizHistoryController.go:273.71,280.16 5 0
project/controller/quizHistoryController.go:280.16,285.3 1 0
project/controller/quizHistoryController.go:287.2,287.24 1 0
project/controller/quizHistoryController.go:287.24,292.3 1 0
project/controller/quizHistoryController.go:294.2,298.4 1 0
project/controller/quizReviewController.go:11.53,16.16 3 0
project/controller/quizReviewController.go:16.16,21.3 1 0
project/controller/quizReviewController.go:23.2,23.24 1 0
project/controller/quizReviewController.go:23.24,28.3 1 0
project/controller/quizReviewController.go:30.2,34.4 1 0
project/controller/quizReviewController.go:37.52,43.16 4 0
project/controller/quizReviewController.go:43.16,48.3 1 0
project/controller/quizReviewController.go:50.2,50.24 1 0
project/controller/quizReviewController.go:50.24,55.3 1 0
project/controller/quizReviewController.go:57.2,61.4 1 0
project/controller/quizReviewController.go:64.61,70.16 4 0
project/controller/quizReviewController.go:70.16,75.3 1 0
project/controller/quizReviewController.go:77.2,77.24 1 0
project/controller/quizReviewController.go:77.24,82.3 1 0
project/controller/quizReviewController.go:84.2,88.4 1 0
project/controller/quizReviewController.go:91.61,97.16 4 0
project/controller/quizReviewController.go:97.16,102.3 1 0
project/controller/quizReviewController.go:104.2,104.24 1 0
project/controller/quizReviewController.go:104.24,109.3 1 0
project/controller/quizReviewController.go:111.2,115.4 1 0
project/controller/quizReviewController.go:118.55,125.16 4 0
project/controller/quizReviewController.go:125.16,130.3 1 0
project/controller/quizReviewController.go:132.2,132.24 1 0
project/controller/quizReviewController.go:132.24,137.3 1 0
project/controller/quizReviewController.go:139.2,143.4 1 0
project/controller/quizReviewController.go:146.55,154.16 5 0
project/controller/quizReviewController.go:154.16,159.3 1 0
project/controller/quizReviewController.go:161.2,164.4 1 0
project/controller/quizReviewController.go:167.55,172.16 3 0
project/controller/quizReviewController.go:172.16,177.3 1 0
project/controller/quizReviewController.go:179.2,182.4 1 0
project/controller/quizReviewController.go:185.57,192.16 5 0
project/controller/quizReviewController.go:192.16,197.3 1 0
project/controller/quizReviewController.go:199.2,199.24 1 0
project/controller/quizReviewController.go:199.24,204.3 1 0
project/controller/quizReviewController.go:206.2,210.4 1 0
project/controller/quizReviewController.go:213.63,220.16 5 0
project/controller/quizReviewController.go:220.16,225.3 1 0
project/controller/quizReviewController.go:227.2,227.24 1 0
project/controller/quizReviewController.go:227.24,232.3 1 0
project/controller/quizReviewController.go:234.2,238.4 1 0
project/controller/quizReviewController.go:241.59,247.16 4 0
project/controller/quizReviewController.go:247.16,252.3 1 0
project/controller/quizReviewController.go:254.2,254.24 1 0
project/controller/quizReviewController.go:254.24,259.3 1 0
project/controller/quizReviewController.go:261.2,265.4 1 0
project/controller/quizReviewController.go:268.59,274.16 4 0
project/controller/quizReviewController.go:274.16,279.3 1 0
project/controller/quizReviewController.go:281.2,281.24 1 0
project/controller/quizReviewController.go:281.24,286.3 1 0
project/controller/quizReviewController.go:288.2,292.4 1 0
project/controller/userController.go:18.47,23.34 4 0
project/controller/userController.go:23.34,28.3 1 0
project/controller/userController.go:30.2,34.16 4 0
project/controller/userController.go:34.16,39.3 1 0
project/controller/userController.go:41.2,41.14 1 0
project/controller/userController.go:41.14,46.3 1 0
project/controller/userController.go:48.2,52.4 1 0
project/controller/userController.go:55.46,62.16 5 0
project/controller/userController.go:62.16,63.40 1 0
project/controller/userController.go:63.40,68.4 1 0
project/controller/userController.go:70.3,73.5 1 0
project/controller/userController.go:76.2,80.4 1 0
project/controller/userController.go:83.49,90.24 5 0
project/controller/userController.go:90.24,95.3 1 0
project/controller/userController.go:97.2,118.16 15 0
project/controller/userController.go:118.16,123.3 1 0
project/controller/userController.go:125.2,127.28 2 0
project/controller/userController.go:127.28,132.3 1 0
project/controller/userController.go:134.2,144.31 5 0
project/controller/userController.go:144.31,146.3 1 0
project/controller/userController.go:147.2,151.24 3 0
project/controller/userController.go:151.24,156.3 1 0
project/controller/userController.go:158.2,162.4 1 0
project/controller/userController.go:165.49,176.24 7 0
project/controller/userController.go:176.24,181.3 1 0
project/controller/userController.go:183.2,189.16 5 0
project/controller/userController.go:189.16,194.3 1 0
project/controller/userController.go:196.2,196.14 1 0
project/controller/userController.go:196.14,201.3 1 0
project/controller/userController.go:203.2,208.4 1 0
project/controller/userController.go:211.49,223.16 8 0
project/controller/userController.go:223.16,228.3 1 0
project/controller/userController.go:230.2,230.14 1 0
project/controller/userController.go:230.14,235.3 1 0
project/controller/userController.go:237.2,241.4 1 0
project/controller/userController.go:244.60,252.16 6 0
project/controller/userController.go:252.16,257.3 1 0
project/controller/userController.go:259.2,259.26 1 0
project/controller/userController.go:259.26,264.3 1 0
project/controller/userController.go:266.2,270.16 4 0
project/controller/userController.go:270.16,275.3 1 0
project/controller/userController.go:277.2,278.16 2 0
project/controller/userController.go:278.16,283.3 1 0
project/controller/userController.go:285.2,290.4 1 0
project/controller/userController.go:293.66,300.16 5 0
project/controller/userController.go:300.16,305.3 1 0
project/controller/userController.go:307.2,307.26 1 0
project/controller/userController.go:307.26,312.3 1 0
project/controller/userController.go:314.2,321.16 5 0
project/controller/userController.go:321.16,326.3 1 0
project/controller/userController.go:328.2,330.28 2 0
project/controller/userController.go:330.28,335.3 1 0
project/controller/userController.go:337.2,347.31 5 0
project/controller/userController.go:347.31,349.3 1 0
project/controller/userController.go:350.2,354.24 3 0
project/controller/userController.go:354.24,359.3 1 0
project/controller/userController.go:361.2,365.4 1 0
project/controller/userController.go:368.53,372.34 2 0
project/controller/userController.go:372.34,377.3 1 0
project/controller/userController.go:379.2,385.22 5 0
project/controller/userController.go:385.22,387.3 1 0
project/controller/userController.go:389.2,389.25 1 0
project/controller/userController.go:389.25,391.3 1 0
project/controller/userController.go:393.2,393.30 1 0
project/controller/userController.go:393.30,395.3 1 0
project/controller/userController.go:397.2,397.27 1 0
project/controller/userController.go:397.27,402.3 1 0
project/controller/userController.go:404.2,404.54 1 0
project/controller/userController.go:404.54,409.3 1 0
project/controller/userController.go:411.2,414.22 3 0
project/controller/userController.go:414.22,417.24 2 0
project/controller/userController.go:417.24,422.4 1 0
project/controller/userController.go:424.3,426.17 2 0
project/controller/userController.go:426.17,431.4 1 0
project/controller/userController.go:433.3,433.25 1 0
project/controller/userController.go:433.25,438.4 1 0
project/controller/userController.go:441.2,441.25 1 0
project/controller/userController.go:441.25,444.17 2 0
project/controller/userController.go:444.17,449.4 1 0
project/controller/userController.go:451.3,451.25 1 0
project/controller/userController.go:451.25,456.4 1 0
project/controller/userController.go:459.2,459.30 1 0
project/controller/userController.go:459.30,462.32 2 0
project/controller/userController.go:462.32,467.4 1 0
project/controller/userController.go:469.3,471.17 2 0
project/controller/userController.go:471.17,476.4 1 0
project/controller/userController.go:478.3,478.25 1 0
project/controller/userController.go:478.25,483.4 1 0
project/controller/userController.go:486.2,490.4 1 0
project/controller/userController.go:493.57,499.21 3 0
project/controller/userController.go:499.21,504.3 1 0
project/controller/userController.go:506.2,513.30 5 0
project/controller/userController.go:513.30,518.3 1 0
project/controller/userController.go:520.2,524.4 1 0
project/controller/userController.go:527.55,533.34 4 0
project/controller/userController.go:533.34,538.3 1 0
project/controller/userController.go:540.2,542.16 2 0
project/controller/userController.go:542.16,547.3 1 0
project/controller/userController.go:549.2,549.24 1 0
project/controller/userController.go:549.24,554.3 1 0
project/controller/userController.go:556.2,560.4 1 0
project/controller/userController.go:563.66,570.34 5 0
project/controller/userController.go:570.34,575.3 1 0
project/controller/userController.go:577.2,579.16 2 0
project/controller/userController.go:579.16,584.3 1 0
project/controller/userController.go:586.2,586.24 1 0
project/controller/userController.go:586.24,591.3 1 0
project/controller/userController.go:593.2,597.4 1 0
project/controller/userController.go:600.68,606.34 4 0
project/controller/userController.go:606.34,611.3 1 0
project/controller/userController.go:613.2,615.16 2 0
project/controller/userController.go:615.16,620.3 1 0
project/controller/userController.go:622.2,622.24 1 0
project/controller/userController.go:622.24,627.3 1 0
project/controller/userController.go:629.2,633.4 1 0
project/controller/userController.go:636.58,642.34 4 0
project/controller/userController.go:642.34,647.3 1 0
project/controller/userController.go:649.2,651.16 2 0
project/controller/userController.go:651.16,656.3 1 0
project/controller/userController.go:658.2,658.24 1 0
project/controller/userController.go:658.24,663.3 1 0
project/controller/userController.go:665.2,669.4 1 0
project/controller/userController.go:672.64,677.34 3 0
project/controller/userController.go:677.34,682.3 1 0
project/controller/userController.go:684.2,686.16 2 0
project/controller/userController.go:686.16,691.3 1 0
project/controller/userController.go:693.2,693.24 1 0
project/controller/userController.go:693.24,698.3 1 0
project/controller/userController.go:700.2,704.4 1 0
project/controller/userController.go:707.59,712.34 3 0
project/controller/userController.go:712.34,717.3 1 0
project/controller/userController.go:719.2,721.16 2 0
project/controller/userController.go:721.16,726.3 1 0
project/controller/userController.go:728.2,728.24 1 0
project/controller/userController.go:728.24,733.3 1 0
project/controller/userController.go:735.2,739.4 1 0
project/controller/userController.go:742.65,748.34 4 0
project/controller/userController.go:748.34,753.3 1 0
project/controller/userController.go:755.2,757.16 2 0
project/controller/userController.go:757.16,762.3 1 0
project/controller/userController.go:764.2,764.24 1 0
project/controller/userController.go:764.24,769.3 1 0
project/controller/userController.go:771.2,775.4 1 0
project/controller/userController.go:778.62,785.34 5 0
project/controller/userController.go:785.34,790.3 1 0
project/controller/userController.go:792.2,794.16 2 0
project/controller/userController.go:794.16,799.3 1 0
project/controller/userController.go:801.2,801.24 1 0
project/controller/userController.go:801.24,806.3 1 0
project/controller/userController.go:808.2,812.4 1 0
project/controller/userController.go:815.53,821.34 4 0
project/controller/userController.go:821.34,826.3 1 0
project/controller/userController.go:828.2,830.16 2 0
project/controller/userController.go:830.16,835.3 1 0
project/controller/userController.go:837.2,837.24 1 0
project/controller/userController.go:837.24,842.3 1 0
project/controller/userController.go:844.2,848.4 1 0
project/controller/userController.go:851.51,858.34 5 0
project/controller/userController.go:858.34,863.3 1 0
project/controller/userController.go:865.2,867.16 2 0
project/controller/userController.go:867.16,872.3 1 0
project/controller/userController.go:874.2,874.24 1 0
project/controller/userController.go:874.24,879.3 1 0
project/controller/userController.go:881.2,885.4 1 0
project/controller/userController.go:889.57,896.34 5 0
project/controller/userController.go:896.34,901.3 1 0
project/controller/userController.go:903.2,905.16 2 0
project/controller/userController.go:905.16,910.3 1 0
project/controller/userController.go:912.2,912.24 1 0
project/controller/userController.go:912.24,917.3 1 0
project/controller/userController.go:919.2,923.4 1 0
project/controller/walletController.go:14.49,20.16 5 0
project/controller/walletController.go:20.16,25.3 1 0
project/controller/walletController.go:27.2,27.14 1 0
project/controller/walletController.go:27.14,32.3 1 0
project/controller/walletController.go:34.2,38.4 1 0
project/controller/walletController.go:41.48,48.16 5 0
project/controller/walletController.go:48.16,49.40 1 0
project/controller/walletController.go:49.40,54.4 1 0
project/controller/walletController.go:56.3,59.5 1 0
project/controller/walletController.go:62.2,66.4 1 0
project/controller/walletController.go:69.51,76.16 5 0
project/controller/walletController.go:76.16,81.3 1 0
project/controller/walletController.go:83.2,87.4 1 0
project/controller/walletController.go:90.51,98.16 6 0
project/controller/walletController.go:98.16,103.3 1 0
project/controller/walletController.go:105.2,109.4 1 0
project/controller/walletController.go:112.51,119.16 5 0
project/controller/walletController.go:119.16,124.3 1 0
project/controller/walletController.go:126.2,130.4 1 0
project/controller/walletController.go:133.49,143.20 8 0
project/controller/walletController.go:143.20,148.3 1 0
project/controller/walletController.go:150.2,153.23 3 0
project/controller/walletController.go:153.23,158.3 1 0
project/controller/walletController.go:160.2,162.16 2 0
project/controller/walletController.go:162.16,167.3 1 0
project/controller/walletController.go:169.2,171.28 2 0
project/controller/walletController.go:171.28,176.3 1 0
project/controller/walletController.go:178.2,183.20 4 0
project/controller/walletController.go:183.20,188.3 1 0
project/controller/walletController.go:190.2,193.23 3 0
project/controller/walletController.go:193.23,198.3 1 0
project/controller/walletController.go:200.2,206.4 1 0
project/controller/walletController.go:209.58,216.16 5 0
project/controller/walletController.go:216.16,222.3 1 0
project/controller/walletController.go:224.2,224.24 1 0
project/controller/walletController.go:224.24,229.3 1 0
project/controller/walletController.go:231.2,235.4 1 0
project/controller/walletController.go:238.52,248.16 7 0
project/controller/walletController.go:248.16,254.3 1 0
project/controller/walletController.go:256.2,256.24 1 0
project/controller/walletController.go:256.24,261.3 1 0
project/controller/walletController.go:263.2,267.4 1 0
project/controller/walletTransactionController.go:12.60,17.16 3 0
project/controller/walletTransactionController.go:17.16,23.3 1 0
project/controller/walletTransactionController.go:25.2,25.24 1 0
project/controller/walletTransactionController.go:25.24,30.3 1 0
project/controller/walletTransactionController.go:32.2,36.4 1 0
project/controller/walletTransactionController.go:39.59,45.16 4 0
project/controller/walletTransactionController.go:45.16,51.3 1 0
project/controller/walletTransactionController.go:53.2,53.24 1 0
project/controller/walletTransactionController.go:53.24,58.3 1 0
project/controller/walletTransactionController.go:60.2,64.4 1 0
project/controller/walletTransactionController.go:67.62,74.16 4 0
project/controller/walletTransactionController.go:74.16,80.3 1 0
project/controller/walletTransactionController.go:82.2,82.24 1 0
project/controller/walletTransactionController.go:82.24,87.3 1 0
project/controller/walletTransactionController.go:89.2,93.4 1 0
project/controller/walletTransactionController.go:96.62,105.16 6 0
project/controller/walletTransactionController.go:105.16,111.3 1 0
project/controller/walletTransactionController.go:113.2,117.4 1 0
project/controller/walletTransactionController.go:120.62,126.16 4 0
project/controller/walletTransactionController.go:126.16,132.3 1 0
project/controller/walletTransactionController.go:134.2,134.24 1 0
project/controller/walletTransactionController.go:134.24,139.3 1 0
project/controller/walletTransactionController.go:141.2,145.4 1 0
project/controller/walletTransactionController.go:148.70,155.16 5 0
project/controller/walletTransactionController.go:155.16,161.3 1 0
project/controller/walletTransactionController.go:163.2,163.24 1 0
project/controller/walletTransactionController.go:163.24,168.3 1 0
project/controller/walletTransactionController.go:170.2,174.4 1 0
project/controller/walletTransactionController.go:177.64,184.16 5 0
project/controller/walletTransactionController.go:184.16,190.3 1 0
project/controller/walletTransactionController.go:192.2,192.24 1 0
project/controller/walletTransactionController.go:192.24,197.3 1 0
project/controller/walletTransactionController.go:199.2,203.4 1 0
project/controller/walletTransactionController.go:206.66,216.16 7 0
project/controller/walletTransactionController.go:216.16,221.3 1 0
project/controller/walletTransactionController.go:223.2,223.24 1 0
project/controller/walletTransactionController.go:223.24,228.3 1 0
project/controller/walletTransactionController.go:230.2,234.4 1 0
project/controller/walletTransactionController.go:237.80,244.16 5 0
project/controller/walletTransactionController.go:244.16,249.3 1 0
project/controller/walletTransactionController.go:251.2,251.24 1 0
project/controller/walletTransactionController.go:251.24,256.3 1 0
project/controller/walletTransactionController.go:258.2,262.4 1 0
project/controller/walletTransactionController.go:265.66,271.16 4 0
project/controller/walletTransactionController.go:271.16,276.3 1 0
project/controller/walletTransactionController.go:278.2,278.24 1 0
project/controller/walletTransactionController.go:278.24,283.3 1 0
project/controller/walletTransactionController.go:285.2,289.4 1 0
project/controller/walletTransactionController.go:292.69,298.16 4 0
project/controller/walletTransactionController.go:298.16,303.3 1 0
project/controller/walletTransactionController.go:305.2,305.24 1 0
project/controller/walletTransactionController.go:305.24,310.3 1 0
project/controller/walletTransactionController.go:312.2,316.4 1 0
